[debug] [2023-02-12T19:43:10.722Z] ----------------------------------------------------------------------
[debug] [2023-02-12T19:43:10.724Z] Command:       /usr/local/bin/firebase /Users/adachishuuyuu/.cache/firebase/tools/lib/node_modules/firebase-tools/lib/bin/firebase init hosting
[debug] [2023-02-12T19:43:10.724Z] CLI Version:   11.21.0
[debug] [2023-02-12T19:43:10.724Z] Platform:      darwin
[debug] [2023-02-12T19:43:10.724Z] Node Version:  v16.16.0
[debug] [2023-02-12T19:43:10.726Z] Time:          Mon Feb 13 2023 04:43:10 GMT+0900 (GMT+09:00)
[debug] [2023-02-12T19:43:10.726Z] ----------------------------------------------------------------------
[debug] 
[debug] [2023-02-12T19:43:10.781Z] > command requires scopes: ["email","openid","https://www.googleapis.com/auth/cloudplatformprojects.readonly","https://www.googleapis.com/auth/firebase","https://www.googleapis.com/auth/cloud-platform"]
[debug] [2023-02-12T19:43:10.781Z] > authorizing via signed-in user (zhouyouzuli3@gmail.com)
[info] 
     ######## #### ########  ######## ########     ###     ######  ########
     ##        ##  ##     ## ##       ##     ##  ##   ##  ##       ##
     ######    ##  ########  ######   ########  #########  ######  ######
     ##        ##  ##    ##  ##       ##     ## ##     ##       ## ##
     ##       #### ##     ## ######## ########  ##     ##  ######  ########

You're about to initialize a Firebase project in this directory:

  /Users/adachishuuyuu/Documents/MyJamstack/cms-wordpress-app

Before we get started, keep in mind:

  * You are initializing within an existing Firebase project directory

[info] 
=== Project Setup
[info] 
[info] First, let's associate this project directory with a Firebase project.
[info] You can create multiple project aliases by running firebase use --add, 
[info] but for now we'll just set up a default project.
[info] 
[debug] [2023-02-12T19:43:10.785Z] Using project from CLI flag: headlesswordpress-6e2ed
[debug] [2023-02-12T19:43:10.789Z] >>> [apiv2][query] GET https://firebase.googleapis.com/v1beta1/projects/headlesswordpress-6e2ed [none]
[debug] [2023-02-12T19:43:11.158Z] <<< [apiv2][status] GET https://firebase.googleapis.com/v1beta1/projects/headlesswordpress-6e2ed 200
[debug] [2023-02-12T19:43:11.158Z] <<< [apiv2][body] GET https://firebase.googleapis.com/v1beta1/projects/headlesswordpress-6e2ed {"projectId":"headlesswordpress-6e2ed","projectNumber":"848681159756","displayName":"headlessWordpress","name":"projects/headlesswordpress-6e2ed","resources":{"hostingSite":"headlesswordpress-6e2ed"},"state":"ACTIVE","etag":"1_485961a5-a75e-40f2-884d-60482147b158"}
[info] i  Using project headlesswordpress-6e2ed (headlessWordpress) 
[info] 
=== Hosting Setup
[info] 
[info] Your public directory is the folder (relative to your project directory) that
[info] will contain Hosting assets to be uploaded with firebase deploy. If you
[info] have a build process for your assets, use your build's output directory.
[info] 
